\BOOKMARK [1][-]{section*.3}{\376\377\000A\000b\000s\000t\000r\000a\000c\000t}{}% 1
\BOOKMARK [1][-]{section*.4}{\376\377\000A\000r\000t\000i\000c\000l\000e\000\040\000s\000u\000m\000m\000a\000r\000y}{}% 2
\BOOKMARK [1][-]{section*.5}{\376\377\000I\000n\000t\000r\000o\000d\000u\000c\000t\000i\000o\000n}{}% 3
\BOOKMARK [1][-]{section*.6}{\376\377\000M\000a\000t\000e\000r\000i\000a\000l\000s\000\040\000a\000n\000d\000\040\000m\000e\000t\000h\000o\000d\000s}{}% 4
\BOOKMARK [2][-]{section*.7}{\376\377\000O\000u\000t\000l\000i\000n\000e\000\040\000o\000f\000\040\000t\000h\000e\000\040\000t\000h\000e\000o\000r\000y}{section*.6}% 5
\BOOKMARK [2][-]{section*.8}{\376\377\000E\000x\000t\000e\000n\000d\000i\000n\000g\000\040\000o\000u\000r\000\040\000a\000p\000p\000r\000o\000a\000c\000h}{section*.6}% 6
\BOOKMARK [2][-]{section*.9}{\376\377\000I\000n\000f\000e\000r\000e\000n\000c\000e\000\040\000o\000u\000t\000l\000i\000n\000e}{section*.6}% 7
\BOOKMARK [2][-]{section*.10}{}{section*.6}% 8
\BOOKMARK [2][-]{section*.11}{\376\377\000C\000o\000m\000p\000a\000r\000i\000s\000o\000n\000\040\000t\000o\000\040\000t\000h\000e\000\040\000r\000e\000s\000u\000l\000t\000s\000\040\000o\000f\000\040\000b\000u\000f\000f\000a\000l\000o\0002\0000\0001\0009\000l\000i\000n\000k\000e\000d}{section*.6}% 9
\BOOKMARK [2][-]{section*.12}{\376\377\000M\000u\000l\000t\000i\000l\000o\000c\000u\000s\000\040\000s\000i\000m\000u\000l\000a\000t\000i\000o\000n\000s}{section*.6}% 10
\BOOKMARK [1][-]{section*.27}{\376\377\000R\000e\000s\000u\000l\000t\000s}{}% 11
\BOOKMARK [1][-]{section*.40}{\376\377\000D\000i\000s\000c\000u\000s\000s\000i\000o\000n}{}% 12
\BOOKMARK [1][-]{section*.41}{\376\377\000D\000a\000t\000a\000\040\000A\000v\000a\000i\000l\000a\000b\000i\000l\000i\000t\000y\000\040\000S\000t\000a\000t\000e\000m\000e\000n\000t}{}% 13
\BOOKMARK [1][-]{section*.42}{\376\377\000A\000c\000k\000n\000o\000w\000l\000e\000d\000g\000m\000e\000n\000t\000s}{}% 14
\BOOKMARK [1][-]{section*.43}{\376\377\000S\000t\000u\000d\000y\000\040\000f\000u\000n\000d\000i\000n\000g}{}% 15
\BOOKMARK [1][-]{section*.44}{\376\377\000C\000o\000n\000f\000l\000i\000c\000t\000\040\000o\000f\000\040\000i\000n\000t\000e\000r\000e\000s\000t}{}% 16
\BOOKMARK [1][-]{section.1}{\376\377\000T\000h\000e\000\040\000d\000y\000n\000a\000m\000i\000c\000s\000\040\000o\000f\000\040\000L\000\040\000u\000n\000d\000e\000r\000\040\000d\000r\000i\000f\000t\000\040\000a\000n\000d\000\040\000r\000e\000c\000o\000m\000b\000i\000n\000a\000t\000i\000o\000n\000.}{}% 17
\BOOKMARK [1][-]{section.2}{\376\377\000T\000h\000e\000\040\000m\000e\000a\000n\000\040\000a\000n\000d\000\040\000\050\000c\000o\000\051\000v\000a\000r\000i\000a\000n\000c\000e\000\040\000o\000f\000\040\000a\000l\000l\000e\000l\000e\000\040\000f\000r\000e\000q\000u\000e\000n\000c\000y\000\040\000c\000h\000a\000n\000g\000e\000s\000.}{}% 18
\BOOKMARK [1][-]{section.3}{}{}% 19
\BOOKMARK [1][-]{section.3}{\376\377\000T\000r\000e\000a\000t\000i\000n\000g\000\040\000b\000o\000l\000d\0000\000m\000u\000\040\000m\000u\000m\000u\000\040\000r\000i\000g\000h\000t\000\040\000a\000s\000\040\000r\000a\000n\000d\000o\000m}{}% 20
\BOOKMARK [1][-]{section.4}{\376\377\000P\000r\000o\000j\000e\000c\000t\000i\000o\000n\000\040\000m\000a\000t\000r\000i\000c\000e\000s}{}% 21
\BOOKMARK [1][-]{section.5}{\376\377\000B\000i\000a\000s\000\040\000c\000o\000r\000r\000e\000c\000t\000i\000o\000n\000\040\000f\000o\000r\000\040\000b\000o\000l\000d\0000\000m\000u\000\040\000m\000u\000m\000u\000\040\000r\000i\000g\000h\000t\000L\0000\000b\000o\000l\000d\0000\000m\000u\000\040\000m\000u\000m\000u\000\040\000r\000i\000g\000h\000t}{}% 22
\BOOKMARK [1][-]{section.6}{\376\377\000A\000n\000a\000l\000y\000s\000i\000n\000g\000\040\000a\000l\000l\000e\000l\000e\000\040\000f\000r\000e\000q\000u\000e\000n\000c\000y\000\040\000d\000a\000t\000a\000\040\000f\000r\000o\000m\000\040\000p\000o\000o\000l\000-\000s\000e\000q}{}% 23
\BOOKMARK [1][-]{section.7}{\376\377\000C\000o\000m\000p\000a\000r\000i\000s\000o\000n\000\040\000w\000i\000t\000h\000\040\000t\000h\000e\000\040\000m\000e\000t\000h\000o\000d\000\040\000o\000f\000\040\000b\000u\000f\000f\000a\000l\000o\0002\0000\0001\0009\000l\000i\000n\000k\000e\000d}{}% 24
\BOOKMARK [2][-]{subsection.7.1}{\376\377\000A\000p\000p\000e\000n\000d\000i\000x\000\040\0007}{section.7}% 25
\BOOKMARK [1][-]{section.8}{\376\377\000N\000E\000\040\000a\000n\000d\000\040\000a\000v\000e\000r\000a\000g\000e\000\040\000e\000f\000f\000e\000c\000t\000s\000\040\000u\000n\000d\000e\000r\000\040\000a\000\040\000l\000o\000g\000-\000l\000i\000n\000e\000a\000r\000\040\000m\000o\000d\000e\000l}{}% 26
\BOOKMARK [1][-]{section.9}{\376\377\000W\000o\000r\000k\000f\000l\000o\000w\000\040\000f\000o\000r\000\040\000i\000m\000p\000l\000e\000m\000e\000n\000t\000i\000n\000g\000\040\000t\000h\000e\000\040\000m\000e\000t\000h\000o\000d}{}% 27
\BOOKMARK [1][-]{section.10}{\376\377\000S\000u\000p\000p\000l\000e\000m\000e\000n\000t\000a\000r\000y\000\040\000f\000i\000g\000u\000r\000e\000s}{}% 28
